[2021-01-16 16:21:56.9538][INFO][ContactManagement.API.Controllers.ContactManagementController][https://localhost/api/v1/ContactManagement/GetContacts - GETCONTACTS] => Starting get contacts service. 
[2021-01-16 16:21:59.6924][INFO][ContactManagement.Business.ContactManagementBusiness][https://localhost/api/v1/ContactManagement/GetContacts - GETCONTACTS] => Getting contact list. 
[2021-01-16 16:22:06.2853][INFO][ContactManagement.Business.ContactManagementBusiness][https://localhost/api/v1/ContactManagement/GetContacts - GETCONTACTS] => Contact list returned with 0 rows. 
[2021-01-16 17:27:57.5700][INFO][ContactManagement.API.Controllers.ContactManagementController][https://localhost/api/v1/ContactManagement/GetContacts - GETCONTACTS] => Starting get contacts service. 
[2021-01-16 17:27:57.9568][INFO][ContactManagement.Business.ContactManagementBusiness][https://localhost/api/v1/ContactManagement/GetContacts - GETCONTACTS] => Getting contact list. 
[2021-01-16 17:27:58.4922][INFO][ContactManagement.Business.ContactManagementBusiness][https://localhost/api/v1/ContactManagement/GetContacts - GETCONTACTS] => Contact list returned with 0 rows. 
[2021-01-16 17:28:18.2903][INFO][ContactManagement.API.Controllers.ContactManagementController][https://localhost/api/v1/ContactManagement/GetContact - GETCONTACT] => Starting get contact service. Contact id [1]. 
[2021-01-16 17:28:20.3839][INFO][ContactManagement.Business.ContactManagementBusiness][https://localhost/api/v1/ContactManagement/GetContact - GETCONTACT] => Getting contact id 1. 
[2021-01-16 17:28:43.8622][ERROR][ContactManagement.Business.ContactManagementBusiness][https://localhost/api/v1/ContactManagement/GetContact - GETCONTACT] => Contact ID invalid. 
[2021-01-16 17:28:44.9446][ERROR][ContactManagement.API.Controllers.ContactManagementController][https://localhost/api/v1/ContactManagement/GetContact - GETCONTACT] => Contact ID invalid. 
[2021-01-16 17:29:03.6319][INFO][ContactManagement.API.Controllers.ContactManagementController][https://localhost/api/v1/ContactManagement/CreateContact - CREATECONTACT] => Starting create contact service. Contact [{"PersonId":0,"PersonType":0,"Name":"string","TradeName":"string","Doc":"string","Birthday":"2021-01-16T20:28:56.952Z","Gender":"string","ZipCode":"string","Country":"string","State":"string","City":"string","AddressLine1":"string","AddressLine2":"string"}] 
[2021-01-16 17:29:04.2567][INFO][ContactManagement.Business.ContactManagementBusiness][https://localhost/api/v1/ContactManagement/CreateContact - CREATECONTACT] => Create contact [{"PersonId":0,"PersonType":0,"Name":"string","TradeName":"string","Doc":"string","Birthday":"2021-01-16T20:28:56.952Z","Gender":"string","ZipCode":"string","Country":"string","State":"string","City":"string","AddressLine1":"string","AddressLine2":"string"}] 
[2021-01-16 17:29:04.3077][FATAL][ContactManagement.Business.ContactManagementBusiness][https://localhost/api/v1/ContactManagement/CreateContact - CREATECONTACT] => An unexpected error occurred when tried to add contact [{"PersonId":0,"PersonType":0,"Name":"string","TradeName":"string","Doc":"string","Birthday":"2021-01-16T20:28:56.952Z","Gender":"string","ZipCode":"string","Country":"string","State":"string","City":"string","AddressLine1":"string","AddressLine2":"string"}]. Error message: Error mapping types.

Mapping types:
ContactRequestViewModel -> Contact
ContactManagement.Common.ViewModels.ContactRequestViewModel -> ContactManagement.Domain.Contact

Type Map configuration:
ContactRequestViewModel -> Contact
ContactManagement.Common.ViewModels.ContactRequestViewModel -> ContactManagement.Domain.Contact

Destination Member:
Gender
 
[2021-01-16 17:29:06.6972][ERROR][ContactManagement.API.Controllers.ContactManagementController][https://localhost/api/v1/ContactManagement/CreateContact - CREATECONTACT] => An unexpected error occurred when tried to add contact [{"PersonId":0,"PersonType":0,"Name":"string","TradeName":"string","Doc":"string","Birthday":"2021-01-16T20:28:56.952Z","Gender":"string","ZipCode":"string","Country":"string","State":"string","City":"string","AddressLine1":"string","AddressLine2":"string"}]. Error message: Error mapping types.

Mapping types:
ContactRequestViewModel -> Contact
ContactManagement.Common.ViewModels.ContactRequestViewModel -> ContactManagement.Domain.Contact

Type Map configuration:
ContactRequestViewModel -> Contact
ContactManagement.Common.ViewModels.ContactRequestViewModel -> ContactManagement.Domain.Contact

Destination Member:
Gender
 
[2021-01-16 17:29:22.7252][INFO][ContactManagement.API.Controllers.ContactManagementController][https://localhost/api/v1/ContactManagement/CreateContact - CREATECONTACT] => Starting create contact service. Contact [{"PersonId":0,"PersonType":0,"Name":"string","TradeName":"string","Doc":"string","Birthday":"2021-01-16T20:28:56.952Z","Gender":"string","ZipCode":"string","Country":"string","State":"string","City":"string","AddressLine1":"string","AddressLine2":"string"}] 
[2021-01-16 17:29:27.1781][INFO][ContactManagement.Business.ContactManagementBusiness][https://localhost/api/v1/ContactManagement/CreateContact - CREATECONTACT] => Create contact [{"PersonId":0,"PersonType":0,"Name":"string","TradeName":"string","Doc":"string","Birthday":"2021-01-16T20:28:56.952Z","Gender":"string","ZipCode":"string","Country":"string","State":"string","City":"string","AddressLine1":"string","AddressLine2":"string"}] 
[2021-01-16 17:53:49.9444][INFO][ContactManagement.API.Controllers.ContactManagementController][https://localhost/api/v1/ContactManagement/CreateContact - CREATECONTACT] => Starting create contact service. Contact [{"ContactId":0,"ContactType":0,"Name":"string","TradeName":"string","Doc":"string","Birthday":"2021-01-16T20:53:38.409Z","Gender":0,"ZipCode":"string","Country":"string","State":"string","City":"string","AddressLine1":"string","AddressLine2":"string"}] 
[2021-01-16 17:53:52.5329][INFO][ContactManagement.Business.ContactManagementBusiness][https://localhost/api/v1/ContactManagement/CreateContact - CREATECONTACT] => Create contact [{"ContactId":0,"ContactType":0,"Name":"string","TradeName":"string","Doc":"string","Birthday":"2021-01-16T20:53:38.409Z","Gender":0,"ZipCode":"string","Country":"string","State":"string","City":"string","AddressLine1":"string","AddressLine2":"string"}] 
[2021-01-16 17:54:30.9402][ERROR][ContactManagement.Business.ContactManagementBusiness][https://localhost/api/v1/ContactManagement/CreateContact - CREATECONTACT] => Name invalid., Company Name invalid., Trade Name invalid., CPF Name invalid., CNPJ Name invalid., birthday invalid., Gender invalid. 
[2021-01-16 17:54:31.9855][ERROR][ContactManagement.API.Controllers.ContactManagementController][https://localhost/api/v1/ContactManagement/CreateContact - CREATECONTACT] => Name invalid. 
[2021-01-16 17:54:31.9895][ERROR][ContactManagement.API.Controllers.ContactManagementController][https://localhost/api/v1/ContactManagement/CreateContact - CREATECONTACT] => Company Name invalid. 
[2021-01-16 17:54:31.9895][ERROR][ContactManagement.API.Controllers.ContactManagementController][https://localhost/api/v1/ContactManagement/CreateContact - CREATECONTACT] => Trade Name invalid. 
[2021-01-16 17:54:31.9895][ERROR][ContactManagement.API.Controllers.ContactManagementController][https://localhost/api/v1/ContactManagement/CreateContact - CREATECONTACT] => CPF Name invalid. 
[2021-01-16 17:54:31.9895][ERROR][ContactManagement.API.Controllers.ContactManagementController][https://localhost/api/v1/ContactManagement/CreateContact - CREATECONTACT] => CNPJ Name invalid. 
[2021-01-16 17:54:31.9895][ERROR][ContactManagement.API.Controllers.ContactManagementController][https://localhost/api/v1/ContactManagement/CreateContact - CREATECONTACT] => birthday invalid. 
[2021-01-16 17:54:31.9895][ERROR][ContactManagement.API.Controllers.ContactManagementController][https://localhost/api/v1/ContactManagement/CreateContact - CREATECONTACT] => Gender invalid. 
[2021-01-16 17:55:46.6491][INFO][ContactManagement.API.Controllers.ContactManagementController][https://localhost/api/v1/ContactManagement/CreateContact - CREATECONTACT] => Starting create contact service. Contact [{"ContactId":0,"ContactType":1,"Name":"Juliano","TradeName":null,"Doc":"10695158767","Birthday":"1988-05-05T20:53:38.409Z","Gender":1,"ZipCode":"24220091","Country":"Brazil","State":"RJ","City":"Niteroi","AddressLine1":"Domingues de sá, 370, apt 802","AddressLine2":null}] 
[2021-01-16 17:55:47.8986][INFO][ContactManagement.Business.ContactManagementBusiness][https://localhost/api/v1/ContactManagement/CreateContact - CREATECONTACT] => Create contact [{"ContactId":0,"ContactType":1,"Name":"Juliano","TradeName":null,"Doc":"10695158767","Birthday":"1988-05-05T20:53:38.409Z","Gender":1,"ZipCode":"24220091","Country":"Brazil","State":"RJ","City":"Niteroi","AddressLine1":"Domingues de sá, 370, apt 802","AddressLine2":null}] 
[2021-01-16 17:55:48.2770][INFO][ContactManagement.Business.ContactManagementBusiness][https://localhost/api/v1/ContactManagement/CreateContact - CREATECONTACT] => Contact [{"ContactId":0,"ContactType":1,"Name":"Juliano","TradeName":null,"Doc":"10695158767","Birthday":"1988-05-05T20:53:38.409Z","Gender":1,"ZipCode":"24220091","Country":"Brazil","State":"RJ","City":"Niteroi","AddressLine1":"Domingues de sá, 370, apt 802","AddressLine2":null}] added successfully. 
[2021-01-16 17:56:03.1600][INFO][ContactManagement.API.Controllers.ContactManagementController][https://localhost/api/v1/ContactManagement/GetContacts - GETCONTACTS] => Starting get contacts service. 
[2021-01-16 17:56:04.7995][INFO][ContactManagement.Business.ContactManagementBusiness][https://localhost/api/v1/ContactManagement/GetContacts - GETCONTACTS] => Getting contact list. 
[2021-01-16 17:56:10.2965][INFO][ContactManagement.Business.ContactManagementBusiness][https://localhost/api/v1/ContactManagement/GetContacts - GETCONTACTS] => Contact list returned with 1 rows. 
[2021-01-16 17:56:28.6884][INFO][ContactManagement.API.Controllers.ContactManagementController][https://localhost/api/v1/ContactManagement/GetContact - GETCONTACT] => Starting get contact service. Contact id [1]. 
[2021-01-16 17:56:29.1464][INFO][ContactManagement.Business.ContactManagementBusiness][https://localhost/api/v1/ContactManagement/GetContact - GETCONTACT] => Getting contact id 1. 
[2021-01-16 17:56:29.2193][INFO][ContactManagement.Business.ContactManagementBusiness][https://localhost/api/v1/ContactManagement/GetContact - GETCONTACT] => Contact id 1 returned successfully. 
[2021-01-16 17:57:11.0198][INFO][ContactManagement.API.Controllers.ContactManagementController][https://localhost/api/v1/ContactManagement/UpdateContact - UPDATECONTACT] => Starting update contact service. Contact [{"ContactId":1,"ContactType":1,"Name":"Juliano","TradeName":null,"Doc":"10695158767","Birthday":"1988-05-05T20:53:38.409Z","Gender":1,"ZipCode":"24220091","Country":"Brazil","State":"RJ","City":"Niteroi","AddressLine1":"Domingues de sá, 370, apt 802 front","AddressLine2":null}] 
[2021-01-16 17:57:12.3438][INFO][ContactManagement.Business.ContactManagementBusiness][https://localhost/api/v1/ContactManagement/UpdateContact - UPDATECONTACT] => Update contact [{"ContactId":1,"ContactType":1,"Name":"Juliano","TradeName":null,"Doc":"10695158767","Birthday":"1988-05-05T20:53:38.409Z","Gender":1,"ZipCode":"24220091","Country":"Brazil","State":"RJ","City":"Niteroi","AddressLine1":"Domingues de sá, 370, apt 802 front","AddressLine2":null}] 
[2021-01-16 18:05:40.4705][INFO][ContactManagement.API.Controllers.ContactManagementController][https://localhost/api/v1/ContactManagement/GetContacts - GETCONTACTS] => Starting get contacts service. 
[2021-01-16 18:05:40.4791][INFO][ContactManagement.Business.ContactManagementBusiness][https://localhost/api/v1/ContactManagement/GetContacts - GETCONTACTS] => Getting contact list. 
[2021-01-16 18:05:40.9013][INFO][ContactManagement.Business.ContactManagementBusiness][https://localhost/api/v1/ContactManagement/GetContacts - GETCONTACTS] => Contact list returned with 0 rows. 
[2021-01-16 18:05:51.8463][INFO][ContactManagement.API.Controllers.ContactManagementController][https://localhost/api/v1/ContactManagement/CreateContact - CREATECONTACT] => Starting create contact service. Contact [{"ContactId":0,"ContactType":1,"Name":"Juliano","CompanyName":null,"TradeName":null,"Doc":"10695158767","Birthday":"1988-05-05T21:01:24.696Z","Gender":1,"ZipCode":"24220091","Country":"Brazil","State":"RJ","City":"Niteroi","AddressLine1":"Domingues de sá, 370 apt 802","AddressLine2":null}] 
[2021-01-16 18:05:52.2860][INFO][ContactManagement.Business.ContactManagementBusiness][https://localhost/api/v1/ContactManagement/CreateContact - CREATECONTACT] => Create contact [{"ContactId":0,"ContactType":1,"Name":"Juliano","CompanyName":null,"TradeName":null,"Doc":"10695158767","Birthday":"1988-05-05T21:01:24.696Z","Gender":1,"ZipCode":"24220091","Country":"Brazil","State":"RJ","City":"Niteroi","AddressLine1":"Domingues de sá, 370 apt 802","AddressLine2":null}] 
[2021-01-16 18:05:52.4563][INFO][ContactManagement.Business.ContactManagementBusiness][https://localhost/api/v1/ContactManagement/CreateContact - CREATECONTACT] => Contact [{"ContactId":0,"ContactType":1,"Name":"Juliano","CompanyName":null,"TradeName":null,"Doc":"10695158767","Birthday":"1988-05-05T21:01:24.696Z","Gender":1,"ZipCode":"24220091","Country":"Brazil","State":"RJ","City":"Niteroi","AddressLine1":"Domingues de sá, 370 apt 802","AddressLine2":null}] added successfully. 
[2021-01-16 18:05:57.2994][INFO][ContactManagement.API.Controllers.ContactManagementController][https://localhost/api/v1/ContactManagement/GetContacts - GETCONTACTS] => Starting get contacts service. 
[2021-01-16 18:05:57.2994][INFO][ContactManagement.Business.ContactManagementBusiness][https://localhost/api/v1/ContactManagement/GetContacts - GETCONTACTS] => Getting contact list. 
[2021-01-16 18:05:57.3372][INFO][ContactManagement.Business.ContactManagementBusiness][https://localhost/api/v1/ContactManagement/GetContacts - GETCONTACTS] => Contact list returned with 1 rows. 
[2021-01-16 18:06:08.0001][INFO][ContactManagement.API.Controllers.ContactManagementController][https://localhost/api/v1/ContactManagement/CreateContact - CREATECONTACT] => Starting create contact service. Contact [{"ContactId":0,"ContactType":2,"Name":null,"CompanyName":"THOMSON REUTERS BRASIL CONTEÚDO E TECNOLOGIA LTDA","TradeName":"THOMSON REUTERS","Doc":"00910509000171","Birthday":"0001-01-01T00:00:00","Gender":0,"ZipCode":"36025160","Country":"Brazil","State":"MG","City":"Juiz de fora","AddressLine1":"Morais e Castro, 366","AddressLine2":null}] 
[2021-01-16 18:06:08.8582][INFO][ContactManagement.Business.ContactManagementBusiness][https://localhost/api/v1/ContactManagement/CreateContact - CREATECONTACT] => Create contact [{"ContactId":0,"ContactType":2,"Name":null,"CompanyName":"THOMSON REUTERS BRASIL CONTEÚDO E TECNOLOGIA LTDA","TradeName":"THOMSON REUTERS","Doc":"00910509000171","Birthday":"0001-01-01T00:00:00","Gender":0,"ZipCode":"36025160","Country":"Brazil","State":"MG","City":"Juiz de fora","AddressLine1":"Morais e Castro, 366","AddressLine2":null}] 
[2021-01-16 18:06:08.8627][ERROR][ContactManagement.Business.ContactManagementBusiness][https://localhost/api/v1/ContactManagement/CreateContact - CREATECONTACT] => birthday invalid., Gender invalid. 
[2021-01-16 18:06:14.8423][ERROR][ContactManagement.API.Controllers.ContactManagementController][https://localhost/api/v1/ContactManagement/CreateContact - CREATECONTACT] => birthday invalid. 
[2021-01-16 18:06:14.8423][ERROR][ContactManagement.API.Controllers.ContactManagementController][https://localhost/api/v1/ContactManagement/CreateContact - CREATECONTACT] => Gender invalid. 
[2021-01-16 18:06:20.7281][INFO][ContactManagement.API.Controllers.ContactManagementController][https://localhost/api/v1/ContactManagement/CreateContact - CREATECONTACT] => Starting create contact service. Contact [{"ContactId":0,"ContactType":2,"Name":null,"CompanyName":"THOMSON REUTERS BRASIL CONTEÚDO E TECNOLOGIA LTDA","TradeName":"THOMSON REUTERS","Doc":"00910509000171","Birthday":"0001-01-01T00:00:00","Gender":0,"ZipCode":"36025160","Country":"Brazil","State":"MG","City":"Juiz de fora","AddressLine1":"Morais e Castro, 366","AddressLine2":null}] 
[2021-01-16 18:06:26.6467][INFO][ContactManagement.Business.ContactManagementBusiness][https://localhost/api/v1/ContactManagement/CreateContact - CREATECONTACT] => Create contact [{"ContactId":0,"ContactType":2,"Name":null,"CompanyName":"THOMSON REUTERS BRASIL CONTEÚDO E TECNOLOGIA LTDA","TradeName":"THOMSON REUTERS","Doc":"00910509000171","Birthday":"0001-01-01T00:00:00","Gender":0,"ZipCode":"36025160","Country":"Brazil","State":"MG","City":"Juiz de fora","AddressLine1":"Morais e Castro, 366","AddressLine2":null}] 
[2021-01-16 18:12:02.3619][INFO][ContactManagement.API.Controllers.ContactManagementController][https://localhost/api/v1/ContactManagement/CreateContact - CREATECONTACT] => Starting create contact service. Contact [{"ContactId":0,"ContactType":1,"Name":"Juliano","CompanyName":null,"TradeName":null,"Doc":"10695158767","Birthday":"1988-05-05T21:01:24.696Z","Gender":1,"ZipCode":"24220091","Country":"Brazil","State":"RJ","City":"Niteroi","AddressLine1":"Domingues de sá, 370 apt 802","AddressLine2":null}] 
[2021-01-16 18:12:04.6808][INFO][ContactManagement.Business.ContactManagementBusiness][https://localhost/api/v1/ContactManagement/CreateContact - CREATECONTACT] => Create contact [{"ContactId":0,"ContactType":1,"Name":"Juliano","CompanyName":null,"TradeName":null,"Doc":"10695158767","Birthday":"1988-05-05T21:01:24.696Z","Gender":1,"ZipCode":"24220091","Country":"Brazil","State":"RJ","City":"Niteroi","AddressLine1":"Domingues de sá, 370 apt 802","AddressLine2":null}] 
[2021-01-16 18:12:05.1977][INFO][ContactManagement.Business.ContactManagementBusiness][https://localhost/api/v1/ContactManagement/CreateContact - CREATECONTACT] => Contact [{"ContactId":0,"ContactType":1,"Name":"Juliano","CompanyName":null,"TradeName":null,"Doc":"10695158767","Birthday":"1988-05-05T21:01:24.696Z","Gender":1,"ZipCode":"24220091","Country":"Brazil","State":"RJ","City":"Niteroi","AddressLine1":"Domingues de sá, 370 apt 802","AddressLine2":null}] added successfully. 
[2021-01-16 18:12:11.5058][INFO][ContactManagement.API.Controllers.ContactManagementController][https://localhost/api/v1/ContactManagement/CreateContact - CREATECONTACT] => Starting create contact service. Contact [{"ContactId":0,"ContactType":2,"Name":null,"CompanyName":"THOMSON REUTERS BRASIL CONTEÚDO E TECNOLOGIA LTDA","TradeName":"THOMSON REUTERS","Doc":"00910509000171","Birthday":"0001-01-01T00:00:00","Gender":0,"ZipCode":"36025160","Country":"Brazil","State":"MG","City":"Juiz de fora","AddressLine1":"Morais e Castro, 366","AddressLine2":null}] 
[2021-01-16 18:12:13.2755][INFO][ContactManagement.Business.ContactManagementBusiness][https://localhost/api/v1/ContactManagement/CreateContact - CREATECONTACT] => Create contact [{"ContactId":0,"ContactType":2,"Name":null,"CompanyName":"THOMSON REUTERS BRASIL CONTEÚDO E TECNOLOGIA LTDA","TradeName":"THOMSON REUTERS","Doc":"00910509000171","Birthday":"0001-01-01T00:00:00","Gender":0,"ZipCode":"36025160","Country":"Brazil","State":"MG","City":"Juiz de fora","AddressLine1":"Morais e Castro, 366","AddressLine2":null}] 
[2021-01-16 18:12:13.3005][INFO][ContactManagement.Business.ContactManagementBusiness][https://localhost/api/v1/ContactManagement/CreateContact - CREATECONTACT] => Contact [{"ContactId":0,"ContactType":2,"Name":null,"CompanyName":"THOMSON REUTERS BRASIL CONTEÚDO E TECNOLOGIA LTDA","TradeName":"THOMSON REUTERS","Doc":"00910509000171","Birthday":"0001-01-01T00:00:00","Gender":0,"ZipCode":"36025160","Country":"Brazil","State":"MG","City":"Juiz de fora","AddressLine1":"Morais e Castro, 366","AddressLine2":null}] added successfully. 
[2021-01-16 18:12:20.6894][INFO][ContactManagement.API.Controllers.ContactManagementController][https://localhost/api/v1/ContactManagement/GetContacts - GETCONTACTS] => Starting get contacts service. 
[2021-01-16 18:12:20.6993][INFO][ContactManagement.Business.ContactManagementBusiness][https://localhost/api/v1/ContactManagement/GetContacts - GETCONTACTS] => Getting contact list. 
[2021-01-16 18:12:20.8602][INFO][ContactManagement.Business.ContactManagementBusiness][https://localhost/api/v1/ContactManagement/GetContacts - GETCONTACTS] => Contact list returned with 2 rows. 
[2021-01-16 18:12:50.1690][INFO][ContactManagement.API.Controllers.ContactManagementController][https://localhost/api/v1/ContactManagement/CreateContact - CREATECONTACT] => Starting create contact service. Contact [{"ContactId":0,"ContactType":1,"Name":"Zé","CompanyName":null,"TradeName":null,"Doc":"99999999998","Birthday":"2000-01-01T21:01:24.696Z","Gender":1,"ZipCode":"99999999","Country":"Brazil","State":"MG","City":"Juiz de fora","AddressLine1":"Some place","AddressLine2":"Morais e Castro, 366"}] 
[2021-01-16 18:12:52.0070][INFO][ContactManagement.Business.ContactManagementBusiness][https://localhost/api/v1/ContactManagement/CreateContact - CREATECONTACT] => Create contact [{"ContactId":0,"ContactType":1,"Name":"Zé","CompanyName":null,"TradeName":null,"Doc":"99999999998","Birthday":"2000-01-01T21:01:24.696Z","Gender":1,"ZipCode":"99999999","Country":"Brazil","State":"MG","City":"Juiz de fora","AddressLine1":"Some place","AddressLine2":"Morais e Castro, 366"}] 
[2021-01-16 18:12:52.0070][INFO][ContactManagement.Business.ContactManagementBusiness][https://localhost/api/v1/ContactManagement/CreateContact - CREATECONTACT] => Contact [{"ContactId":0,"ContactType":1,"Name":"Zé","CompanyName":null,"TradeName":null,"Doc":"99999999998","Birthday":"2000-01-01T21:01:24.696Z","Gender":1,"ZipCode":"99999999","Country":"Brazil","State":"MG","City":"Juiz de fora","AddressLine1":"Some place","AddressLine2":"Morais e Castro, 366"}] added successfully. 
[2021-01-16 18:12:57.5518][INFO][ContactManagement.API.Controllers.ContactManagementController][https://localhost/api/v1/ContactManagement/GetContacts - GETCONTACTS] => Starting get contacts service. 
[2021-01-16 18:12:57.5518][INFO][ContactManagement.Business.ContactManagementBusiness][https://localhost/api/v1/ContactManagement/GetContacts - GETCONTACTS] => Getting contact list. 
[2021-01-16 18:12:57.5518][INFO][ContactManagement.Business.ContactManagementBusiness][https://localhost/api/v1/ContactManagement/GetContacts - GETCONTACTS] => Contact list returned with 3 rows. 
[2021-01-16 18:14:02.8668][INFO][ContactManagement.API.Controllers.ContactManagementController][https://localhost/api/v1/ContactManagement/UpdateContact - UPDATECONTACT] => Starting update contact service. Contact [{"ContactId":1,"ContactType":1,"Name":"Juliano","CompanyName":null,"TradeName":null,"Doc":"10695158767","Birthday":"1988-05-05T21:01:24.696Z","Gender":1,"ZipCode":"24220091","Country":"Brazil","State":"RJ","City":"Niteroi","AddressLine1":"Domingues de sá, 370 apt 802, test","AddressLine2":null}] 
[2021-01-16 18:14:03.3003][INFO][ContactManagement.Business.ContactManagementBusiness][https://localhost/api/v1/ContactManagement/UpdateContact - UPDATECONTACT] => Update contact [{"ContactId":1,"ContactType":1,"Name":"Juliano","CompanyName":null,"TradeName":null,"Doc":"10695158767","Birthday":"1988-05-05T21:01:24.696Z","Gender":1,"ZipCode":"24220091","Country":"Brazil","State":"RJ","City":"Niteroi","AddressLine1":"Domingues de sá, 370 apt 802, test","AddressLine2":null}] 
[2021-01-16 18:14:03.4405][FATAL][ContactManagement.Business.ContactManagementBusiness][https://localhost/api/v1/ContactManagement/UpdateContact - UPDATECONTACT] => An unexpected error occurred when tried to update [{"ContactId":1,"ContactType":1,"Name":"Juliano","CompanyName":null,"TradeName":null,"Doc":"10695158767","Birthday":"1988-05-05T21:01:24.696Z","Gender":1,"ZipCode":"24220091","Country":"Brazil","State":"RJ","City":"Niteroi","AddressLine1":"Domingues de sá, 370 apt 802, test","AddressLine2":null}]. Error message: The instance of entity type 'Contact' cannot be tracked because another instance with the same key value for {'ContactId'} is already being tracked. When attaching existing entities, ensure that only one entity instance with a given key value is attached. Consider using 'DbContextOptionsBuilder.EnableSensitiveDataLogging' to see the conflicting key values. 
[2021-01-16 18:14:05.2667][ERROR][ContactManagement.API.Controllers.ContactManagementController][https://localhost/api/v1/ContactManagement/UpdateContact - UPDATECONTACT] => An unexpected error occurred when tried to update [{"ContactId":1,"ContactType":1,"Name":"Juliano","CompanyName":null,"TradeName":null,"Doc":"10695158767","Birthday":"1988-05-05T21:01:24.696Z","Gender":1,"ZipCode":"24220091","Country":"Brazil","State":"RJ","City":"Niteroi","AddressLine1":"Domingues de sá, 370 apt 802, test","AddressLine2":null}]. Error message: The instance of entity type 'Contact' cannot be tracked because another instance with the same key value for {'ContactId'} is already being tracked. When attaching existing entities, ensure that only one entity instance with a given key value is attached. Consider using 'DbContextOptionsBuilder.EnableSensitiveDataLogging' to see the conflicting key values. 
[2021-01-16 18:16:32.0782][INFO][ContactManagement.API.Controllers.ContactManagementController][https://localhost/api/v1/ContactManagement/CreateContact - CREATECONTACT] => Starting create contact service. Contact [{"ContactId":0,"ContactType":1,"Name":"Juliano","CompanyName":null,"TradeName":null,"Doc":"10695158767","Birthday":"1988-05-05T21:01:24.696Z","Gender":1,"ZipCode":"24220091","Country":"Brazil","State":"RJ","City":"Niteroi","AddressLine1":"Domingues de sá, 370 apt 802","AddressLine2":null}] 
[2021-01-16 18:16:33.9475][INFO][ContactManagement.Business.ContactManagementBusiness][https://localhost/api/v1/ContactManagement/CreateContact - CREATECONTACT] => Create contact [{"ContactId":0,"ContactType":1,"Name":"Juliano","CompanyName":null,"TradeName":null,"Doc":"10695158767","Birthday":"1988-05-05T21:01:24.696Z","Gender":1,"ZipCode":"24220091","Country":"Brazil","State":"RJ","City":"Niteroi","AddressLine1":"Domingues de sá, 370 apt 802","AddressLine2":null}] 
[2021-01-16 18:16:34.5532][INFO][ContactManagement.Business.ContactManagementBusiness][https://localhost/api/v1/ContactManagement/CreateContact - CREATECONTACT] => Contact [{"ContactId":0,"ContactType":1,"Name":"Juliano","CompanyName":null,"TradeName":null,"Doc":"10695158767","Birthday":"1988-05-05T21:01:24.696Z","Gender":1,"ZipCode":"24220091","Country":"Brazil","State":"RJ","City":"Niteroi","AddressLine1":"Domingues de sá, 370 apt 802","AddressLine2":null}] added successfully. 
[2021-01-16 18:16:46.6667][INFO][ContactManagement.API.Controllers.ContactManagementController][https://localhost/api/v1/ContactManagement/GetContact - GETCONTACT] => Starting get contact service. Contact id [1]. 
[2021-01-16 18:16:46.6667][INFO][ContactManagement.Business.ContactManagementBusiness][https://localhost/api/v1/ContactManagement/GetContact - GETCONTACT] => Getting contact id 1. 
[2021-01-16 18:16:46.8643][INFO][ContactManagement.Business.ContactManagementBusiness][https://localhost/api/v1/ContactManagement/GetContact - GETCONTACT] => Contact id 1 returned successfully. 
[2021-01-16 18:17:04.7354][INFO][ContactManagement.API.Controllers.ContactManagementController][https://localhost/api/v1/ContactManagement/UpdateContact - UPDATECONTACT] => Starting update contact service. Contact [{"ContactId":1,"ContactType":1,"Name":"Juliano","CompanyName":null,"TradeName":null,"Doc":"10695158767","Birthday":"1988-05-05T21:01:24.696Z","Gender":1,"ZipCode":"24220091","Country":"Brazil","State":"RJ","City":"Niteroi","AddressLine1":"Domingues de sá, 370 apt 802, test","AddressLine2":null}] 
[2021-01-16 18:17:04.8638][INFO][ContactManagement.Business.ContactManagementBusiness][https://localhost/api/v1/ContactManagement/UpdateContact - UPDATECONTACT] => Update contact [{"ContactId":1,"ContactType":1,"Name":"Juliano","CompanyName":null,"TradeName":null,"Doc":"10695158767","Birthday":"1988-05-05T21:01:24.696Z","Gender":1,"ZipCode":"24220091","Country":"Brazil","State":"RJ","City":"Niteroi","AddressLine1":"Domingues de sá, 370 apt 802, test","AddressLine2":null}] 
[2021-01-16 18:17:04.8638][INFO][ContactManagement.Business.ContactManagementBusiness][https://localhost/api/v1/ContactManagement/UpdateContact - UPDATECONTACT] => Contact [{"ContactId":1,"ContactType":1,"Name":"Juliano","CompanyName":null,"TradeName":null,"Doc":"10695158767","Birthday":"1988-05-05T21:01:24.696Z","Gender":1,"ZipCode":"24220091","Country":"Brazil","State":"RJ","City":"Niteroi","AddressLine1":"Domingues de sá, 370 apt 802, test","AddressLine2":null}] updated successfully. 
[2021-01-16 18:17:14.2476][INFO][ContactManagement.API.Controllers.ContactManagementController][https://localhost/api/v1/ContactManagement/GetContact - GETCONTACT] => Starting get contact service. Contact id [1]. 
[2021-01-16 18:17:14.2476][INFO][ContactManagement.Business.ContactManagementBusiness][https://localhost/api/v1/ContactManagement/GetContact - GETCONTACT] => Getting contact id 1. 
[2021-01-16 18:17:14.2535][INFO][ContactManagement.Business.ContactManagementBusiness][https://localhost/api/v1/ContactManagement/GetContact - GETCONTACT] => Contact id 1 returned successfully. 
[2021-01-16 18:17:25.0004][INFO][ContactManagement.API.Controllers.ContactManagementController][https://localhost/api/v1/ContactManagement/DeleteContact - DELETECONTACT] => Starting delete contact service. Contact id [1] 
[2021-01-16 18:17:25.4540][INFO][ContactManagement.Business.ContactManagementBusiness][https://localhost/api/v1/ContactManagement/DeleteContact - DELETECONTACT] => Delete contact id 1 
[2021-01-16 18:17:25.4661][INFO][ContactManagement.Business.ContactManagementBusiness][https://localhost/api/v1/ContactManagement/DeleteContact - DELETECONTACT] => Contact id 1 deleted successfully. 
[2021-01-16 19:55:43.4334][INFO][ContactManagement.API.Controllers.ContactManagementController][https://localhost/api/v1/ContactManagement/CreateContact - CREATECONTACT] => Starting create contact service. Contact [{"ContactId":1,"ContactType":1,"Name":"Juliano","CompanyName":null,"TradeName":null,"Doc":"10695158767","Birthday":"1988-05-05T21:01:24.696Z","Gender":1,"ZipCode":"24220091","Country":"Brazil","State":"RJ","City":"Niteroi","AddressLine1":"Domingues de sá, 370 apt 802","AddressLine2":null}] 
[2021-01-16 19:55:45.9835][INFO][ContactManagement.Business.ContactManagementBusiness][https://localhost/api/v1/ContactManagement/CreateContact - CREATECONTACT] => Create contact [{"ContactId":1,"ContactType":1,"Name":"Juliano","CompanyName":null,"TradeName":null,"Doc":"10695158767","Birthday":"1988-05-05T21:01:24.696Z","Gender":1,"ZipCode":"24220091","Country":"Brazil","State":"RJ","City":"Niteroi","AddressLine1":"Domingues de sá, 370 apt 802","AddressLine2":null}] 
[2021-01-16 19:55:46.4228][INFO][ContactManagement.Business.ContactManagementBusiness][https://localhost/api/v1/ContactManagement/CreateContact - CREATECONTACT] => Contact [{"ContactId":1,"ContactType":1,"Name":"Juliano","CompanyName":null,"TradeName":null,"Doc":"10695158767","Birthday":"1988-05-05T21:01:24.696Z","Gender":1,"ZipCode":"24220091","Country":"Brazil","State":"RJ","City":"Niteroi","AddressLine1":"Domingues de sá, 370 apt 802","AddressLine2":null}] added successfully. 
[2021-01-16 19:55:51.3618][INFO][ContactManagement.API.Controllers.ContactManagementController][https://localhost/api/v1/ContactManagement/GetContacts - GETCONTACTS] => Starting get contacts service. 
[2021-01-16 19:55:51.3680][INFO][ContactManagement.Business.ContactManagementBusiness][https://localhost/api/v1/ContactManagement/GetContacts - GETCONTACTS] => Getting contact list. 
[2021-01-16 19:55:51.8431][INFO][ContactManagement.Business.ContactManagementBusiness][https://localhost/api/v1/ContactManagement/GetContacts - GETCONTACTS] => Contact list returned with 1 rows. 
[2021-01-16 19:55:58.8292][INFO][ContactManagement.API.Controllers.ContactManagementController][https://localhost/api/v1/ContactManagement/GetContact - GETCONTACT] => Starting get contact service. Contact id [1]. 
[2021-01-16 19:55:58.8336][INFO][ContactManagement.Business.ContactManagementBusiness][https://localhost/api/v1/ContactManagement/GetContact - GETCONTACT] => Getting contact id 1. 
[2021-01-16 19:55:58.9700][INFO][ContactManagement.Business.ContactManagementBusiness][https://localhost/api/v1/ContactManagement/GetContact - GETCONTACT] => Contact id 1 returned successfully. 
[2021-01-16 19:56:21.4348][INFO][ContactManagement.API.Controllers.ContactManagementController][https://localhost/api/v1/ContactManagement/UpdateContact - UPDATECONTACT] => Starting update contact service. Contact [{"ContactId":1,"ContactType":1,"Name":"Juliano","CompanyName":null,"TradeName":null,"Doc":"10695158767","Birthday":"1988-05-05T21:01:24.696Z","Gender":1,"ZipCode":"24220091","Country":"Brazil","State":"RJ","City":"Niteroi","AddressLine1":"Domingues de sá, 370 apt 802, test","AddressLine2":null}] 
[2021-01-16 19:56:21.4621][INFO][ContactManagement.Business.ContactManagementBusiness][https://localhost/api/v1/ContactManagement/UpdateContact - UPDATECONTACT] => Update contact [{"ContactId":1,"ContactType":1,"Name":"Juliano","CompanyName":null,"TradeName":null,"Doc":"10695158767","Birthday":"1988-05-05T21:01:24.696Z","Gender":1,"ZipCode":"24220091","Country":"Brazil","State":"RJ","City":"Niteroi","AddressLine1":"Domingues de sá, 370 apt 802, test","AddressLine2":null}] 
[2021-01-16 19:56:21.4621][INFO][ContactManagement.Business.ContactManagementBusiness][https://localhost/api/v1/ContactManagement/UpdateContact - UPDATECONTACT] => Contact [{"ContactId":1,"ContactType":1,"Name":"Juliano","CompanyName":null,"TradeName":null,"Doc":"10695158767","Birthday":"1988-05-05T21:01:24.696Z","Gender":1,"ZipCode":"24220091","Country":"Brazil","State":"RJ","City":"Niteroi","AddressLine1":"Domingues de sá, 370 apt 802, test","AddressLine2":null}] updated successfully. 
[2021-01-16 19:56:30.6078][INFO][ContactManagement.API.Controllers.ContactManagementController][https://localhost/api/v1/ContactManagement/GetContact - GETCONTACT] => Starting get contact service. Contact id [1]. 
[2021-01-16 19:56:30.6078][INFO][ContactManagement.Business.ContactManagementBusiness][https://localhost/api/v1/ContactManagement/GetContact - GETCONTACT] => Getting contact id 1. 
[2021-01-16 19:56:30.6145][INFO][ContactManagement.Business.ContactManagementBusiness][https://localhost/api/v1/ContactManagement/GetContact - GETCONTACT] => Contact id 1 returned successfully. 
[2021-01-16 19:56:47.9412][INFO][ContactManagement.API.Controllers.ContactManagementController][https://localhost/api/v1/ContactManagement/DeleteContact - DELETECONTACT] => Starting delete contact service. Contact id [1] 
[2021-01-16 19:56:51.0802][INFO][ContactManagement.Business.ContactManagementBusiness][https://localhost/api/v1/ContactManagement/DeleteContact - DELETECONTACT] => Delete contact id 1 
[2021-01-16 19:56:51.0904][INFO][ContactManagement.Business.ContactManagementBusiness][https://localhost/api/v1/ContactManagement/DeleteContact - DELETECONTACT] => Contact id 1 deleted successfully. 
[2021-01-16 19:56:59.1538][INFO][ContactManagement.API.Controllers.ContactManagementController][https://localhost/api/v1/ContactManagement/GetContact - GETCONTACT] => Starting get contact service. Contact id [1]. 
[2021-01-16 19:56:59.1538][INFO][ContactManagement.Business.ContactManagementBusiness][https://localhost/api/v1/ContactManagement/GetContact - GETCONTACT] => Getting contact id 1. 
[2021-01-16 19:56:59.1614][ERROR][ContactManagement.Business.ContactManagementBusiness][https://localhost/api/v1/ContactManagement/GetContact - GETCONTACT] => Contact ID invalid. 
[2021-01-16 19:56:59.1614][ERROR][ContactManagement.API.Controllers.ContactManagementController][https://localhost/api/v1/ContactManagement/GetContact - GETCONTACT] => Contact ID invalid. 
