[2021-01-18 11:09:38.2836][INFO][Microsoft.Hosting.Lifetime][ - ] => Application started. Press Ctrl+C to shut down. 
[2021-01-18 11:09:38.3344][INFO][Microsoft.Hosting.Lifetime][ - ] => Hosting environment: Development 
[2021-01-18 11:09:38.3344][INFO][Microsoft.Hosting.Lifetime][ - ] => Content root path: D:\ThomsonReuters\ContactManagement.API 
[2021-01-18 11:09:38.4700][INFO][ContactManagement.API.Controllers.ContactManagementController][https://localhost/api/v1/ContactManagement/GetContacts - GETCONTACTS] => Starting get contacts service. 
[2021-01-18 11:09:38.4792][INFO][ContactManagement.Business.ContactManagementBusiness][https://localhost/api/v1/ContactManagement/GetContacts - GETCONTACTS] => Getting contact list. 
[2021-01-18 11:09:38.9183][INFO][ContactManagement.Business.ContactManagementBusiness][https://localhost/api/v1/ContactManagement/GetContacts - GETCONTACTS] => Contact list returned with 3 rows. 
[2021-01-18 11:09:48.6826][INFO][ContactManagement.API.Controllers.ContactManagementController][https://localhost/api/v1/ContactManagement/GetContact - GETCONTACT] => Starting get contact service. Contact id [1]. 
[2021-01-18 11:09:48.6826][INFO][ContactManagement.Business.ContactManagementBusiness][https://localhost/api/v1/ContactManagement/GetContact - GETCONTACT] => Getting contact id 1. 
[2021-01-18 11:09:48.9275][INFO][ContactManagement.Business.ContactManagementBusiness][https://localhost/api/v1/ContactManagement/GetContact - GETCONTACT] => Contact id 1 returned successfully. 
[2021-01-18 11:09:50.4960][INFO][ContactManagement.API.Controllers.ContactManagementController][https://localhost/api/v1/ContactManagement/GetContacts - GETCONTACTS] => Starting get contacts service. 
[2021-01-18 11:09:50.4960][INFO][ContactManagement.Business.ContactManagementBusiness][https://localhost/api/v1/ContactManagement/GetContacts - GETCONTACTS] => Getting contact list. 
[2021-01-18 11:09:50.5036][INFO][ContactManagement.Business.ContactManagementBusiness][https://localhost/api/v1/ContactManagement/GetContacts - GETCONTACTS] => Contact list returned with 3 rows. 
[2021-01-18 11:09:51.8832][INFO][ContactManagement.API.Controllers.ContactManagementController][https://localhost/api/v1/ContactManagement/GetContact - GETCONTACT] => Starting get contact service. Contact id [1]. 
[2021-01-18 11:09:51.8832][INFO][ContactManagement.Business.ContactManagementBusiness][https://localhost/api/v1/ContactManagement/GetContact - GETCONTACT] => Getting contact id 1. 
[2021-01-18 11:09:51.8832][INFO][ContactManagement.Business.ContactManagementBusiness][https://localhost/api/v1/ContactManagement/GetContact - GETCONTACT] => Contact id 1 returned successfully. 
[2021-01-18 11:10:10.2723][INFO][ContactManagement.API.Controllers.ContactManagementController][https://localhost/api/v1/ContactManagement/UpdateContact - UPDATECONTACT] => Starting update contact service. Contact [{"ContactId":1,"ContactType":1,"Name":"Juliano","CompanyName":null,"TradeName":null,"Cpf":10695158767,"Cnpj":null,"Birthday":"1988-05-05T00:00:00","Gender":1,"ZipCode":"24220091","Country":"Brazil","State":"RJ","City":"Niteroi","AddressLine1":"Domingues de sá, 370 apt 802","AddressLine2":"teste"}] 
[2021-01-18 11:10:10.2723][INFO][ContactManagement.Business.ContactManagementBusiness][https://localhost/api/v1/ContactManagement/UpdateContact - UPDATECONTACT] => Update contact [{"ContactId":1,"ContactType":1,"Name":"Juliano","CompanyName":null,"TradeName":null,"Cpf":10695158767,"Cnpj":null,"Birthday":"1988-05-05T00:00:00","Gender":1,"ZipCode":"24220091","Country":"Brazil","State":"RJ","City":"Niteroi","AddressLine1":"Domingues de sá, 370 apt 802","AddressLine2":"teste"}] 
[2021-01-18 11:10:10.3263][INFO][ContactManagement.Business.ContactManagementBusiness][https://localhost/api/v1/ContactManagement/UpdateContact - UPDATECONTACT] => Contact [{"ContactId":1,"ContactType":1,"Name":"Juliano","CompanyName":null,"TradeName":null,"Cpf":10695158767,"Cnpj":null,"Birthday":"1988-05-05T00:00:00","Gender":1,"ZipCode":"24220091","Country":"Brazil","State":"RJ","City":"Niteroi","AddressLine1":"Domingues de sá, 370 apt 802","AddressLine2":"teste"}] updated successfully. 
[2021-01-18 11:10:10.3411][INFO][ContactManagement.API.Controllers.ContactManagementController][https://localhost/api/v1/ContactManagement/GetContacts - GETCONTACTS] => Starting get contacts service. 
[2021-01-18 11:10:10.3411][INFO][ContactManagement.Business.ContactManagementBusiness][https://localhost/api/v1/ContactManagement/GetContacts - GETCONTACTS] => Getting contact list. 
[2021-01-18 11:10:10.3494][INFO][ContactManagement.Business.ContactManagementBusiness][https://localhost/api/v1/ContactManagement/GetContacts - GETCONTACTS] => Contact list returned with 3 rows. 
[2021-01-18 11:10:14.1879][INFO][ContactManagement.API.Controllers.ContactManagementController][https://localhost/api/v1/ContactManagement/GetContact - GETCONTACT] => Starting get contact service. Contact id [1]. 
[2021-01-18 11:10:14.1925][INFO][ContactManagement.Business.ContactManagementBusiness][https://localhost/api/v1/ContactManagement/GetContact - GETCONTACT] => Getting contact id 1. 
[2021-01-18 11:10:14.1925][INFO][ContactManagement.Business.ContactManagementBusiness][https://localhost/api/v1/ContactManagement/GetContact - GETCONTACT] => Contact id 1 returned successfully. 
[2021-01-18 11:10:15.8355][INFO][ContactManagement.API.Controllers.ContactManagementController][https://localhost/api/v1/ContactManagement/GetContacts - GETCONTACTS] => Starting get contacts service. 
[2021-01-18 11:10:15.8355][INFO][ContactManagement.Business.ContactManagementBusiness][https://localhost/api/v1/ContactManagement/GetContacts - GETCONTACTS] => Getting contact list. 
[2021-01-18 11:10:15.8483][INFO][ContactManagement.Business.ContactManagementBusiness][https://localhost/api/v1/ContactManagement/GetContacts - GETCONTACTS] => Contact list returned with 3 rows. 
[2021-01-18 11:10:18.2734][INFO][ContactManagement.API.Controllers.ContactManagementController][https://localhost/api/v1/ContactManagement/GetContact - GETCONTACT] => Starting get contact service. Contact id [3]. 
[2021-01-18 11:10:18.2906][INFO][ContactManagement.Business.ContactManagementBusiness][https://localhost/api/v1/ContactManagement/GetContact - GETCONTACT] => Getting contact id 3. 
[2021-01-18 11:10:18.3021][INFO][ContactManagement.Business.ContactManagementBusiness][https://localhost/api/v1/ContactManagement/GetContact - GETCONTACT] => Contact id 3 returned successfully. 
[2021-01-18 11:10:19.3377][INFO][ContactManagement.API.Controllers.ContactManagementController][https://localhost/api/v1/ContactManagement/DeleteContact - DELETECONTACT] => Starting delete contact service. Contact id [3] 
[2021-01-18 11:10:19.3377][INFO][ContactManagement.Business.ContactManagementBusiness][https://localhost/api/v1/ContactManagement/DeleteContact - DELETECONTACT] => Delete contact id 3 
[2021-01-18 11:10:19.3863][INFO][ContactManagement.Business.ContactManagementBusiness][https://localhost/api/v1/ContactManagement/DeleteContact - DELETECONTACT] => Contact id 3 deleted successfully. 
[2021-01-18 11:10:19.3980][INFO][ContactManagement.API.Controllers.ContactManagementController][https://localhost/api/v1/ContactManagement/GetContacts - GETCONTACTS] => Starting get contacts service. 
[2021-01-18 11:10:19.3980][INFO][ContactManagement.Business.ContactManagementBusiness][https://localhost/api/v1/ContactManagement/GetContacts - GETCONTACTS] => Getting contact list. 
[2021-01-18 11:10:19.3980][INFO][ContactManagement.Business.ContactManagementBusiness][https://localhost/api/v1/ContactManagement/GetContacts - GETCONTACTS] => Contact list returned with 2 rows. 
[2021-01-18 11:10:37.6182][INFO][ContactManagement.API.Controllers.ContactManagementController][https://localhost/api/v1/ContactManagement/CreateContact - CREATECONTACT] => Starting create contact service. Contact [{"ContactId":0,"ContactType":1,"Name":"teste","CompanyName":null,"TradeName":null,"Cpf":10695158767,"Cnpj":null,"Birthday":"1988-05-05T00:00:00","Gender":3,"ZipCode":"12","Country":"12","State":"212","City":"1212","AddressLine1":"2121","AddressLine2":"1221"}] 
[2021-01-18 11:10:37.6344][INFO][ContactManagement.Business.ContactManagementBusiness][https://localhost/api/v1/ContactManagement/CreateContact - CREATECONTACT] => Create contact [{"ContactId":0,"ContactType":1,"Name":"teste","CompanyName":null,"TradeName":null,"Cpf":10695158767,"Cnpj":null,"Birthday":"1988-05-05T00:00:00","Gender":3,"ZipCode":"12","Country":"12","State":"212","City":"1212","AddressLine1":"2121","AddressLine2":"1221"}] 
[2021-01-18 11:10:37.6557][INFO][ContactManagement.Business.ContactManagementBusiness][https://localhost/api/v1/ContactManagement/CreateContact - CREATECONTACT] => Contact [{"ContactId":0,"ContactType":1,"Name":"teste","CompanyName":null,"TradeName":null,"Cpf":10695158767,"Cnpj":null,"Birthday":"1988-05-05T00:00:00","Gender":3,"ZipCode":"12","Country":"12","State":"212","City":"1212","AddressLine1":"2121","AddressLine2":"1221"}] added successfully. 
[2021-01-18 11:10:37.6651][INFO][ContactManagement.API.Controllers.ContactManagementController][https://localhost/api/v1/ContactManagement/GetContacts - GETCONTACTS] => Starting get contacts service. 
[2021-01-18 11:10:37.6651][INFO][ContactManagement.Business.ContactManagementBusiness][https://localhost/api/v1/ContactManagement/GetContacts - GETCONTACTS] => Getting contact list. 
[2021-01-18 11:10:37.6651][INFO][ContactManagement.Business.ContactManagementBusiness][https://localhost/api/v1/ContactManagement/GetContacts - GETCONTACTS] => Contact list returned with 3 rows. 
[2021-01-18 11:10:39.1740][INFO][ContactManagement.API.Controllers.ContactManagementController][https://localhost/api/v1/ContactManagement/GetContact - GETCONTACT] => Starting get contact service. Contact id [3]. 
[2021-01-18 11:10:39.1824][INFO][ContactManagement.Business.ContactManagementBusiness][https://localhost/api/v1/ContactManagement/GetContact - GETCONTACT] => Getting contact id 3. 
[2021-01-18 11:10:39.1824][INFO][ContactManagement.Business.ContactManagementBusiness][https://localhost/api/v1/ContactManagement/GetContact - GETCONTACT] => Contact id 3 returned successfully. 
[2021-01-18 11:10:42.0773][INFO][ContactManagement.API.Controllers.ContactManagementController][https://localhost/api/v1/ContactManagement/GetContacts - GETCONTACTS] => Starting get contacts service. 
[2021-01-18 11:10:42.0857][INFO][ContactManagement.Business.ContactManagementBusiness][https://localhost/api/v1/ContactManagement/GetContacts - GETCONTACTS] => Getting contact list. 
[2021-01-18 11:10:42.0857][INFO][ContactManagement.Business.ContactManagementBusiness][https://localhost/api/v1/ContactManagement/GetContacts - GETCONTACTS] => Contact list returned with 3 rows. 
[2021-01-18 12:17:56.9351][INFO][Microsoft.Hosting.Lifetime][ - ] => Application started. Press Ctrl+C to shut down. 
[2021-01-18 12:17:57.0734][INFO][Microsoft.Hosting.Lifetime][ - ] => Hosting environment: Development 
[2021-01-18 12:17:57.0734][INFO][Microsoft.Hosting.Lifetime][ - ] => Content root path: D:\ThomsonReuters\ContactManagement.API 
[2021-01-18 12:17:57.2529][INFO][ContactManagement.API.Controllers.ContactManagementController][https://localhost/api/v1/ContactManagement/GetContacts - GETCONTACTS] => Starting get contacts service. 
[2021-01-18 12:17:57.2676][INFO][ContactManagement.Business.ContactManagementBusiness][https://localhost/api/v1/ContactManagement/GetContacts - GETCONTACTS] => Getting contact list. 
[2021-01-18 12:17:57.6281][INFO][ContactManagement.Business.ContactManagementBusiness][https://localhost/api/v1/ContactManagement/GetContacts - GETCONTACTS] => Contact list returned with 3 rows. 
[2021-01-18 12:19:12.8754][INFO][Microsoft.Hosting.Lifetime][ - ] => Application started. Press Ctrl+C to shut down. 
[2021-01-18 12:19:12.9522][INFO][Microsoft.Hosting.Lifetime][ - ] => Hosting environment: Development 
[2021-01-18 12:19:12.9522][INFO][Microsoft.Hosting.Lifetime][ - ] => Content root path: D:\ThomsonReuters\ContactManagement.API 
[2021-01-18 12:19:13.1183][INFO][ContactManagement.API.Controllers.ContactManagementController][https://localhost/api/v1/ContactManagement/GetContacts - GETCONTACTS] => Starting get contacts service. 
[2021-01-18 12:19:13.1249][INFO][ContactManagement.Business.ContactManagementBusiness][https://localhost/api/v1/ContactManagement/GetContacts - GETCONTACTS] => Getting contact list. 
[2021-01-18 12:19:13.5860][INFO][ContactManagement.Business.ContactManagementBusiness][https://localhost/api/v1/ContactManagement/GetContacts - GETCONTACTS] => Contact list returned with 3 rows. 
[2021-01-18 12:20:07.4018][INFO][Microsoft.Hosting.Lifetime][ - ] => Application started. Press Ctrl+C to shut down. 
[2021-01-18 12:20:07.4887][INFO][Microsoft.Hosting.Lifetime][ - ] => Hosting environment: Development 
[2021-01-18 12:20:07.4887][INFO][Microsoft.Hosting.Lifetime][ - ] => Content root path: D:\ThomsonReuters\ContactManagement.API 
[2021-01-18 12:20:07.6737][INFO][ContactManagement.API.Controllers.ContactManagementController][https://localhost/api/v1/ContactManagement/GetContacts - GETCONTACTS] => Starting get contacts service. 
[2021-01-18 12:20:07.6737][INFO][ContactManagement.Business.ContactManagementBusiness][https://localhost/api/v1/ContactManagement/GetContacts - GETCONTACTS] => Getting contact list. 
[2021-01-18 12:20:08.0939][INFO][ContactManagement.Business.ContactManagementBusiness][https://localhost/api/v1/ContactManagement/GetContacts - GETCONTACTS] => Contact list returned with 3 rows. 
